0 verbose cli /usr/bin/node /usr/bin/npm
1 info using npm@9.2.0
2 info using node@v18.20.4
3 timing npm:load:whichnode Completed in 2ms
4 timing config:load:defaults Completed in 13ms
5 timing config:load:file:/usr/share/nodejs/npm/npmrc Completed in 33ms
6 timing config:load:builtin Completed in 33ms
7 timing config:load:cli Completed in 11ms
8 timing config:load:env Completed in 7ms
9 timing config:load:project Completed in 8ms
10 timing config:load:file:/home/breeholley603/.npmrc Completed in 1ms
11 timing config:load:user Completed in 2ms
12 timing config:load:file:/etc/npmrc Completed in 1ms
13 timing config:load:global Completed in 3ms
14 timing config:load:setEnvs Completed in 5ms
15 timing config:load Completed in 89ms
16 timing npm:load:configload Completed in 90ms
17 timing npm:load:mkdirpcache Completed in 1ms
18 timing npm:load:mkdirplogs Completed in 1ms
19 verbose title npm install stripe
20 verbose argv "install" "stripe"
21 timing npm:load:setTitle Completed in 9ms
22 timing config:load:flatten Completed in 29ms
23 timing npm:load:display Completed in 35ms
24 verbose logfile logs-max:10 dir:/home/breeholley603/.npm/_logs/2026-04-04T22_05_52_376Z-
25 verbose logfile /home/breeholley603/.npm/_logs/2026-04-04T22_05_52_376Z-debug-0.log
26 timing npm:load:logFile Completed in 33ms
27 timing npm:load:timers Completed in 0ms
28 timing npm:load:configScope Completed in 0ms
29 timing npm:load Completed in 181ms
30 silly logfile done cleaning log files
31 timing config:load:flatten Completed in 3ms
32 timing arborist:ctor Completed in 4ms
33 timing idealTree:init Completed in 631ms
34 timing idealTree:userRequests Completed in 24ms
35 silly idealTree buildDeps
36 silly fetch manifest stripe@^12.0.0
37 timing arborist:ctor Completed in 2ms
38 http fetch GET 200 https://registry.npmjs.org/stripe 2441ms (cache miss)
39 silly placeDep ROOT stripe@12.18.0 OK for: subscription-backend@1.0.0 want: ^12.0.0
40 silly fetch manifest @types/node@>=8.1.0
41 http fetch GET 200 https://registry.npmjs.org/@types%2fnode 279ms (cache revalidated)
42 timing idealTree:#root Completed in 2957ms
43 silly placeDep ROOT @types/node@25.5.2 OK for: stripe@12.18.0 want: >=8.1.0
44 silly fetch manifest undici-types@~7.18.0
45 http fetch GET 200 https://registry.npmjs.org/undici-types 157ms (cache revalidated)
46 timing idealTree:node_modules/stripe Completed in 213ms
47 silly placeDep ROOT undici-types@7.18.2 OK for: @types/node@25.5.2 want: ~7.18.0
48 timing idealTree:node_modules/@types/node Completed in 10ms
49 timing idealTree:node_modules/undici-types Completed in 1ms
50 timing idealTree:buildDeps Completed in 3191ms
51 timing idealTree:fixDepFlags Completed in 9ms
52 timing idealTree Completed in 3876ms
53 timing reify:loadTrees Completed in 3883ms
54 timing reify:diffTrees Completed in 25ms
55 silly reify mark retired [ '/home/breeholley603/node_modules/node-fetch' ]
56 silly reify mark retired [ '/home/breeholley603/node_modules/tr46' ]
57 silly reify mark retired [ '/home/breeholley603/node_modules/webidl-conversions' ]
58 silly reify mark retired [ '/home/breeholley603/node_modules/whatwg-url' ]
59 silly reify moves {
59 silly reify   '/home/breeholley603/node_modules/node-fetch': '/home/breeholley603/node_modules/.node-fetch-HrdW20xH',
59 silly reify   '/home/breeholley603/node_modules/tr46': '/home/breeholley603/node_modules/.tr46-8VMZGhpm',
59 silly reify   '/home/breeholley603/node_modules/webidl-conversions': '/home/breeholley603/node_modules/.webidl-conversions-BHhsnb6j',
59 silly reify   '/home/breeholley603/node_modules/whatwg-url': '/home/breeholley603/node_modules/.whatwg-url-BoSNow7n'
59 silly reify }
60 timing reify:retireShallow Completed in 38ms
61 timing reify:createSparse Completed in 12ms
62 timing reify:loadBundles Completed in 1ms
63 silly audit bulk request {
63 silly audit   accepts: [ '1.3.8' ],
63 silly audit   'array-flatten': [ '1.1.1' ],
63 silly audit   'body-parser': [ '1.20.4' ],
63 silly audit   bytes: [ '3.1.2' ],
63 silly audit   'call-bind-apply-helpers': [ '1.0.2' ],
63 silly audit   'call-bound': [ '1.0.4' ],
63 silly audit   'content-disposition': [ '0.5.4' ],
63 silly audit   'content-type': [ '1.0.5' ],
63 silly audit   cookie: [ '0.7.2' ],
63 silly audit   'cookie-signature': [ '1.0.7' ],
63 silly audit   debug: [ '2.6.9' ],
63 silly audit   depd: [ '2.0.0' ],
63 silly audit   destroy: [ '1.2.0' ],
63 silly audit   dotenv: [ '16.6.1' ],
63 silly audit   'dunder-proto': [ '1.0.1' ],
63 silly audit   'ee-first': [ '1.1.1' ],
63 silly audit   encodeurl: [ '2.0.0' ],
63 silly audit   'es-define-property': [ '1.0.1' ],
63 silly audit   'es-errors': [ '1.3.0' ],
63 silly audit   'es-object-atoms': [ '1.1.1' ],
63 silly audit   'escape-html': [ '1.0.3' ],
63 silly audit   etag: [ '1.8.1' ],
63 silly audit   express: [ '4.22.1' ],
63 silly audit   finalhandler: [ '1.3.2' ],
63 silly audit   forwarded: [ '0.2.0' ],
63 silly audit   fresh: [ '0.5.2' ],
63 silly audit   'function-bind': [ '1.1.2' ],
63 silly audit   'get-intrinsic': [ '1.3.0' ],
63 silly audit   'get-proto': [ '1.0.1' ],
63 silly audit   gopd: [ '1.2.0' ],
63 silly audit   'has-symbols': [ '1.1.0' ],
63 silly audit   hasown: [ '2.0.2' ],
63 silly audit   'http-errors': [ '2.0.1' ],
63 silly audit   'iconv-lite': [ '0.4.24' ],
63 silly audit   inherits: [ '2.0.4' ],
63 silly audit   'ipaddr.js': [ '1.9.1' ],
63 silly audit   'math-intrinsics': [ '1.1.0' ],
63 silly audit   'media-typer': [ '0.3.0' ],
63 silly audit   'merge-descriptors': [ '1.0.3' ],
63 silly audit   methods: [ '1.1.2' ],
63 silly audit   mime: [ '1.6.0' ],
63 silly audit   'mime-db': [ '1.52.0' ],
63 silly audit   'mime-types': [ '2.1.35' ],
63 silly audit   ms: [ '2.0.0', '2.1.3' ],
63 silly audit   negotiator: [ '0.6.3' ],
63 silly audit   'object-inspect': [ '1.13.4' ],
63 silly audit   'on-finished': [ '2.4.1' ],
63 silly audit   parseurl: [ '1.3.3' ],
63 silly audit   'path-to-regexp': [ '0.1.13' ],
63 silly audit   'proxy-addr': [ '2.0.7' ],
63 silly audit   qs: [ '6.14.2' ],
63 silly audit   'range-parser': [ '1.2.1' ],
63 silly audit   'raw-body': [ '2.5.3' ],
63 silly audit   'safe-buffer': [ '5.2.1' ],
63 silly audit   'safer-buffer': [ '2.1.2' ],
63 silly audit   send: [ '0.19.2' ],
63 silly audit   'serve-static': [ '1.16.3' ],
63 silly audit   setprototypeof: [ '1.2.0' ],
63 silly audit   'side-channel': [ '1.1.0' ],
63 silly audit   'side-channel-list': [ '1.0.0' ],
63 silly audit   'side-channel-map': [ '1.0.1' ],
63 silly audit   'side-channel-weakmap': [ '1.0.2' ],
63 silly audit   statuses: [ '2.0.2' ],
63 silly audit   toidentifier: [ '1.0.1' ],
63 silly audit   'type-is': [ '1.6.18' ],
63 silly audit   unpipe: [ '1.0.0' ],
63 silly audit   'utils-merge': [ '1.0.1' ],
63 silly audit   vary: [ '1.1.2' ],
63 silly audit   stripe: [ '12.18.0' ],
63 silly audit   '@types/node': [ '25.5.2' ],
63 silly audit   'undici-types': [ '7.18.2' ]
63 silly audit }
64 silly tarball no local data for stripe@https://registry.npmjs.org/stripe/-/stripe-12.18.0.tgz. Extracting by manifest.
65 http fetch POST 200 https://registry.npmjs.org/-/npm/v1/security/advisories/bulk 347ms
66 timing auditReport:getReport Completed in 376ms
67 silly audit report {}
68 timing auditReport:init Completed in 0ms
69 timing reify:audit Completed in 383ms
70 timing reifyNode:node_modules/undici-types Completed in 576ms
71 timing reifyNode:node_modules/@types/node Completed in 1556ms
72 http fetch GET 200 https://registry.npmjs.org/stripe/-/stripe-12.18.0.tgz 3899ms (cache miss)
73 timing reifyNode:node_modules/stripe Completed in 3983ms
74 timing reify:unpack Completed in 3989ms
75 timing reify:unretire Completed in 1ms
76 timing build:queue Completed in 5ms
77 timing build:deps Completed in 8ms
78 timing build Completed in 9ms
79 timing reify:build Completed in 16ms
80 timing reify:trash Completed in 72ms
81 timing reify:save Completed in 206ms
82 timing reify Completed in 8378ms
83 silly ADD node_modules/undici-types
84 silly ADD node_modules/@types/node
85 silly ADD node_modules/stripe
86 silly REMOVE node_modules/whatwg-url
87 silly REMOVE node_modules/webidl-conversions
88 silly REMOVE node_modules/tr46
89 silly REMOVE node_modules/node-fetch
90 timing command:install Completed in 8439ms
91 verbose exit 0
92 timing npm Completed in 8743ms
93 info ok
