0 verbose cli /usr/bin/node /usr/bin/npm
1 info using npm@9.2.0
2 info using node@v18.20.4
3 timing npm:load:whichnode Completed in 2ms
4 timing config:load:defaults Completed in 13ms
5 timing config:load:file:/usr/share/nodejs/npm/npmrc Completed in 13ms
6 timing config:load:builtin Completed in 14ms
7 timing config:load:cli Completed in 9ms
8 timing config:load:env Completed in 3ms
9 timing config:load:file:/home/breeholley603/.cache/typescript/6.0/.npmrc Completed in 2ms
10 timing config:load:project Completed in 26ms
11 timing config:load:file:/home/breeholley603/.npmrc Completed in 1ms
12 timing config:load:user Completed in 3ms
13 timing config:load:file:/etc/npmrc Completed in 1ms
14 timing config:load:global Completed in 1ms
15 timing config:load:setEnvs Completed in 5ms
16 timing config:load Completed in 80ms
17 timing npm:load:configload Completed in 82ms
18 timing npm:load:mkdirpcache Completed in 2ms
19 timing npm:load:mkdirplogs Completed in 2ms
20 verbose title npm install @types/express@ts6.0 @types/node-fetch@ts6.0 @types/body-parser@ts6.0 @types/whatwg-url@ts6.0 @types/node@ts6.0 @types/merge-descriptors@ts6.0 @types/react@ts6.0 @types/serve-static@ts6.0
21 verbose argv "install" "--ignore-scripts" "@types/express@ts6.0" "@types/node-fetch@ts6.0" "@types/body-parser@ts6.0" "@types/whatwg-url@ts6.0" "@types/node@ts6.0" "@types/merge-descriptors@ts6.0" "@types/react@ts6.0" "@types/serve-static@ts6.0" "--save-dev" "--user-agent" "typesInstaller/6.0.2"
22 timing npm:load:setTitle Completed in 16ms
23 timing config:load:flatten Completed in 20ms
24 timing npm:load:display Completed in 27ms
25 verbose logfile logs-max:10 dir:/home/breeholley603/.npm/_logs/2026-04-04T21_20_16_753Z-
26 verbose logfile /home/breeholley603/.npm/_logs/2026-04-04T21_20_16_753Z-debug-0.log
27 timing npm:load:logFile Completed in 31ms
28 timing npm:load:timers Completed in 0ms
29 timing npm:load:configScope Completed in 0ms
30 timing npm:load Completed in 166ms
31 silly logfile done cleaning log files
32 timing config:load:flatten Completed in 4ms
33 timing arborist:ctor Completed in 5ms
34 timing idealTree:init Completed in 85ms
35 timing arborist:ctor Completed in 1ms
36 http fetch GET 200 https://registry.npmjs.org/@types%2fwhatwg-url 946ms (cache miss)
37 http fetch GET 200 https://registry.npmjs.org/@types%2fmerge-descriptors 970ms (cache miss)
38 http fetch GET 200 https://registry.npmjs.org/@types%2fbody-parser 1007ms (cache miss)
39 http fetch GET 200 https://registry.npmjs.org/@types%2fserve-static 1022ms (cache miss)
40 http fetch GET 200 https://registry.npmjs.org/@types%2fexpress 1077ms (cache miss)
41 http fetch GET 200 https://registry.npmjs.org/@types%2fnode-fetch 1103ms (cache miss)
42 http fetch GET 200 https://registry.npmjs.org/@types%2freact 1199ms (cache miss)
43 http fetch GET 200 https://registry.npmjs.org/@types%2fnode 1386ms (cache miss)
44 timing idealTree:userRequests Completed in 1488ms
45 silly idealTree buildDeps
46 silly fetch manifest @types/whatwg-url@13.0.0
47 silly fetch manifest @types/merge-descriptors@1.0.3
48 silly fetch manifest @types/body-parser@1.19.6
49 silly fetch manifest @types/serve-static@2.2.0
50 silly fetch manifest @types/express@5.0.6
51 silly fetch manifest @types/node-fetch@2.6.13
52 silly fetch manifest @types/react@19.2.14
53 silly fetch manifest @types/node@25.5.2
54 silly placeDep ROOT @types/body-parser@1.19.6 OK for:  want: 1.19.6
55 silly placeDep ROOT @types/express@5.0.6 OK for:  want: 5.0.6
56 silly placeDep ROOT @types/merge-descriptors@1.0.3 OK for:  want: 1.0.3
57 silly placeDep ROOT @types/node@25.5.2 OK for:  want: 25.5.2
58 silly placeDep ROOT @types/node-fetch@2.6.13 OK for:  want: 2.6.13
59 silly placeDep ROOT @types/react@19.2.14 OK for:  want: 19.2.14
60 silly placeDep ROOT @types/serve-static@2.2.0 OK for:  want: 2.2.0
61 silly placeDep ROOT @types/whatwg-url@13.0.0 OK for:  want: 13.0.0
62 silly fetch manifest @types/connect@*
63 silly fetch manifest @types/express-serve-static-core@^5.0.0
64 silly fetch manifest undici-types@~7.18.0
65 silly fetch manifest form-data@^4.0.4
66 silly fetch manifest csstype@^3.2.2
67 silly fetch manifest @types/http-errors@*
68 silly fetch manifest @types/webidl-conversions@*
69 http fetch GET 200 https://registry.npmjs.org/@types%2fconnect 325ms (cache miss)
70 http fetch GET 200 https://registry.npmjs.org/@types%2fwebidl-conversions 346ms (cache miss)
71 http fetch GET 200 https://registry.npmjs.org/@types%2fexpress-serve-static-core 454ms (cache miss)
72 http fetch GET 200 https://registry.npmjs.org/@types%2fhttp-errors 450ms (cache miss)
73 http fetch GET 200 https://registry.npmjs.org/form-data 464ms (cache miss)
74 http fetch GET 200 https://registry.npmjs.org/undici-types 485ms (cache miss)
75 http fetch GET 200 https://registry.npmjs.org/csstype 498ms (cache miss)
76 timing idealTree:#root Completed in 678ms
77 silly placeDep ROOT @types/connect@3.4.38 OK for: @types/body-parser@1.19.6 want: *
78 timing idealTree:node_modules/@types/body-parser Completed in 18ms
79 timing idealTree:node_modules/@types/connect Completed in 0ms
80 silly placeDep ROOT @types/express-serve-static-core@5.1.1 OK for: @types/express@5.0.6 want: ^5.0.0
81 silly fetch manifest @types/qs@*
82 silly fetch manifest @types/send@*
83 silly fetch manifest @types/range-parser@*
84 http fetch GET 200 https://registry.npmjs.org/@types%2frange-parser 132ms (cache miss)
85 http fetch GET 200 https://registry.npmjs.org/@types%2fsend 142ms (cache miss)
86 http fetch GET 200 https://registry.npmjs.org/@types%2fqs 254ms (cache miss)
87 timing idealTree:node_modules/@types/express Completed in 271ms
88 silly placeDep ROOT @types/qs@6.15.0 OK for: @types/express-serve-static-core@5.1.1 want: *
89 silly placeDep ROOT @types/range-parser@1.2.7 OK for: @types/express-serve-static-core@5.1.1 want: *
90 silly placeDep ROOT @types/send@1.2.1 OK for: @types/express-serve-static-core@5.1.1 want: *
91 timing idealTree:node_modules/@types/express-serve-static-core Completed in 40ms
92 timing idealTree:node_modules/@types/merge-descriptors Completed in 1ms
93 silly placeDep ROOT undici-types@7.18.2 OK for: @types/node@25.5.2 want: ~7.18.0
94 timing idealTree:node_modules/@types/node Completed in 13ms
95 silly placeDep ROOT form-data@4.0.5 OK for: @types/node-fetch@2.6.13 want: ^4.0.4
96 silly fetch manifest asynckit@^0.4.0
97 silly fetch manifest combined-stream@^1.0.8
98 silly fetch manifest es-set-tostringtag@^2.1.0
99 silly fetch manifest hasown@^2.0.2
100 silly fetch manifest mime-types@^2.1.12
101 http fetch GET 200 https://registry.npmjs.org/hasown 155ms (cache hit)
102 http fetch GET 200 https://registry.npmjs.org/mime-types 158ms (cache hit)
103 http fetch GET 200 https://registry.npmjs.org/combined-stream 206ms (cache miss)
104 http fetch GET 200 https://registry.npmjs.org/es-set-tostringtag 206ms (cache miss)
105 http fetch GET 200 https://registry.npmjs.org/asynckit 215ms (cache miss)
106 timing idealTree:node_modules/@types/node-fetch Completed in 240ms
107 timing idealTree:node_modules/@types/qs Completed in 2ms
108 timing idealTree:node_modules/@types/range-parser Completed in 1ms
109 silly placeDep ROOT csstype@3.2.3 OK for: @types/react@19.2.14 want: ^3.2.2
110 timing idealTree:node_modules/@types/react Completed in 9ms
111 timing idealTree:node_modules/@types/send Completed in 0ms
112 silly placeDep ROOT @types/http-errors@2.0.5 OK for: @types/serve-static@2.2.0 want: *
113 timing idealTree:node_modules/@types/serve-static Completed in 7ms
114 timing idealTree:node_modules/@types/http-errors Completed in 0ms
115 silly placeDep ROOT @types/webidl-conversions@7.0.3 OK for: @types/whatwg-url@13.0.0 want: *
116 timing idealTree:node_modules/@types/whatwg-url Completed in 7ms
117 timing idealTree:node_modules/@types/webidl-conversions Completed in 0ms
118 timing idealTree:node_modules/csstype Completed in 0ms
119 silly placeDep ROOT asynckit@0.4.0 OK for: form-data@4.0.5 want: ^0.4.0
120 silly placeDep ROOT combined-stream@1.0.8 OK for: form-data@4.0.5 want: ^1.0.8
121 silly placeDep ROOT es-set-tostringtag@2.1.0 OK for: form-data@4.0.5 want: ^2.1.0
122 silly placeDep ROOT hasown@2.0.2 OK for: form-data@4.0.5 want: ^2.0.2
123 silly placeDep ROOT mime-types@2.1.35 OK for: form-data@4.0.5 want: ^2.1.12
124 silly fetch manifest delayed-stream@~1.0.0
125 silly fetch manifest es-errors@^1.3.0
126 silly fetch manifest get-intrinsic@^1.2.6
127 silly fetch manifest has-tostringtag@^1.0.2
128 silly fetch manifest function-bind@^1.1.2
129 silly fetch manifest mime-db@1.52.0
130 http fetch GET 200 https://registry.npmjs.org/es-errors 128ms (cache hit)
131 http fetch GET 200 https://registry.npmjs.org/get-intrinsic 129ms (cache hit)
132 http fetch GET 200 https://registry.npmjs.org/function-bind 128ms (cache hit)
133 http fetch GET 200 https://registry.npmjs.org/mime-db 128ms (cache hit)
134 http fetch GET 200 https://registry.npmjs.org/has-tostringtag 153ms (cache miss)
135 http fetch GET 200 https://registry.npmjs.org/delayed-stream 175ms (cache miss)
136 timing idealTree:node_modules/form-data Completed in 221ms
137 timing idealTree:node_modules/asynckit Completed in 0ms
138 silly placeDep ROOT delayed-stream@1.0.0 OK for: combined-stream@1.0.8 want: ~1.0.0
139 timing idealTree:node_modules/combined-stream Completed in 8ms
140 timing idealTree:node_modules/delayed-stream Completed in 0ms
141 silly placeDep ROOT es-errors@1.3.0 OK for: es-set-tostringtag@2.1.0 want: ^1.3.0
142 silly placeDep ROOT get-intrinsic@1.3.0 OK for: es-set-tostringtag@2.1.0 want: ^1.2.6
143 silly placeDep ROOT has-tostringtag@1.0.2 OK for: es-set-tostringtag@2.1.0 want: ^1.0.2
144 silly fetch manifest gopd@^1.2.0
145 silly fetch manifest get-proto@^1.0.1
146 silly fetch manifest has-symbols@^1.1.0
147 silly fetch manifest es-object-atoms@^1.1.1
148 silly fetch manifest math-intrinsics@^1.1.0
149 silly fetch manifest es-define-property@^1.0.1
150 silly fetch manifest call-bind-apply-helpers@^1.0.2
151 silly fetch manifest has-symbols@^1.0.3
152 http fetch GET 200 https://registry.npmjs.org/gopd 144ms (cache hit)
153 http fetch GET 200 https://registry.npmjs.org/es-object-atoms 133ms (cache hit)
154 http fetch GET 200 https://registry.npmjs.org/has-symbols 121ms (cache hit)
155 http fetch GET 200 https://registry.npmjs.org/has-symbols 150ms (cache hit)
156 http fetch GET 200 https://registry.npmjs.org/es-define-property 142ms (cache hit)
157 http fetch GET 200 https://registry.npmjs.org/get-proto 163ms (cache hit)
158 http fetch GET 200 https://registry.npmjs.org/call-bind-apply-helpers 144ms (cache hit)
159 http fetch GET 200 https://registry.npmjs.org/math-intrinsics 154ms (cache hit)
160 timing idealTree:node_modules/es-set-tostringtag Completed in 201ms
161 timing idealTree:node_modules/es-errors Completed in 0ms
162 silly placeDep ROOT call-bind-apply-helpers@1.0.2 OK for: get-intrinsic@1.3.0 want: ^1.0.2
163 silly placeDep ROOT es-define-property@1.0.1 OK for: get-intrinsic@1.3.0 want: ^1.0.1
164 silly placeDep ROOT es-object-atoms@1.1.1 OK for: get-intrinsic@1.3.0 want: ^1.1.1
165 silly placeDep ROOT function-bind@1.1.2 OK for: get-intrinsic@1.3.0 want: ^1.1.2
166 silly placeDep ROOT get-proto@1.0.1 OK for: get-intrinsic@1.3.0 want: ^1.0.1
167 silly placeDep ROOT gopd@1.2.0 OK for: get-intrinsic@1.3.0 want: ^1.2.0
168 silly placeDep ROOT has-symbols@1.1.0 OK for: get-intrinsic@1.3.0 want: ^1.1.0
169 silly placeDep ROOT math-intrinsics@1.1.0 OK for: get-intrinsic@1.3.0 want: ^1.1.0
170 silly fetch manifest dunder-proto@^1.0.1
171 http fetch GET 200 https://registry.npmjs.org/dunder-proto 37ms (cache hit)
172 timing idealTree:node_modules/get-intrinsic Completed in 110ms
173 timing idealTree:node_modules/call-bind-apply-helpers Completed in 0ms
174 timing idealTree:node_modules/es-define-property Completed in 0ms
175 timing idealTree:node_modules/es-object-atoms Completed in 0ms
176 timing idealTree:node_modules/function-bind Completed in 0ms
177 silly placeDep ROOT dunder-proto@1.0.1 OK for: get-proto@1.0.1 want: ^1.0.1
178 timing idealTree:node_modules/get-proto Completed in 7ms
179 timing idealTree:node_modules/dunder-proto Completed in 0ms
180 timing idealTree:node_modules/gopd Completed in 0ms
181 timing idealTree:node_modules/has-symbols Completed in 0ms
182 timing idealTree:node_modules/has-tostringtag Completed in 0ms
183 timing idealTree:node_modules/hasown Completed in 0ms
184 timing idealTree:node_modules/math-intrinsics Completed in 0ms
185 silly placeDep ROOT mime-db@1.52.0 OK for: mime-types@2.1.35 want: 1.52.0
186 timing idealTree:node_modules/mime-types Completed in 7ms
187 timing idealTree:node_modules/mime-db Completed in 0ms
188 timing idealTree:node_modules/undici-types Completed in 0ms
189 timing idealTree:buildDeps Completed in 1869ms
190 timing idealTree:fixDepFlags Completed in 6ms
191 timing idealTree Completed in 3462ms
192 timing reify:loadTrees Completed in 3468ms
193 timing reify:diffTrees Completed in 16ms
194 silly reify moves {}
195 timing reify:retireShallow Completed in 7ms
196 timing reify:createSparse Completed in 29ms
197 timing reify:loadBundles Completed in 0ms
198 silly audit bulk request {
198 silly audit   'types-registry': [ '0.1.763' ],
198 silly audit   '@types/body-parser': [ '1.19.6' ],
198 silly audit   '@types/express': [ '5.0.6' ],
198 silly audit   '@types/merge-descriptors': [ '1.0.3' ],
198 silly audit   '@types/node': [ '25.5.2' ],
198 silly audit   '@types/node-fetch': [ '2.6.13' ],
198 silly audit   '@types/react': [ '19.2.14' ],
198 silly audit   '@types/serve-static': [ '2.2.0' ],
198 silly audit   '@types/whatwg-url': [ '13.0.0' ],
198 silly audit   '@types/connect': [ '3.4.38' ],
198 silly audit   '@types/express-serve-static-core': [ '5.1.1' ],
198 silly audit   '@types/qs': [ '6.15.0' ],
198 silly audit   '@types/range-parser': [ '1.2.7' ],
198 silly audit   '@types/send': [ '1.2.1' ],
198 silly audit   'undici-types': [ '7.18.2' ],
198 silly audit   'form-data': [ '4.0.5' ],
198 silly audit   csstype: [ '3.2.3' ],
198 silly audit   '@types/http-errors': [ '2.0.5' ],
198 silly audit   '@types/webidl-conversions': [ '7.0.3' ],
198 silly audit   asynckit: [ '0.4.0' ],
198 silly audit   'combined-stream': [ '1.0.8' ],
198 silly audit   'es-set-tostringtag': [ '2.1.0' ],
198 silly audit   hasown: [ '2.0.2' ],
198 silly audit   'mime-types': [ '2.1.35' ],
198 silly audit   'delayed-stream': [ '1.0.0' ],
198 silly audit   'es-errors': [ '1.3.0' ],
198 silly audit   'get-intrinsic': [ '1.3.0' ],
198 silly audit   'has-tostringtag': [ '1.0.2' ],
198 silly audit   'call-bind-apply-helpers': [ '1.0.2' ],
198 silly audit   'es-define-property': [ '1.0.1' ],
198 silly audit   'es-object-atoms': [ '1.1.1' ],
198 silly audit   'function-bind': [ '1.1.2' ],
198 silly audit   'get-proto': [ '1.0.1' ],
198 silly audit   gopd: [ '1.2.0' ],
198 silly audit   'has-symbols': [ '1.1.0' ],
198 silly audit   'math-intrinsics': [ '1.1.0' ],
198 silly audit   'dunder-proto': [ '1.0.1' ],
198 silly audit   'mime-db': [ '1.52.0' ]
198 silly audit }
199 silly tarball no local data for has-tostringtag@https://registry.npmjs.org/has-tostringtag/-/has-tostringtag-1.0.2.tgz. Extracting by manifest.
200 silly tarball no local data for delayed-stream@https://registry.npmjs.org/delayed-stream/-/delayed-stream-1.0.0.tgz. Extracting by manifest.
201 silly tarball no local data for es-set-tostringtag@https://registry.npmjs.org/es-set-tostringtag/-/es-set-tostringtag-2.1.0.tgz. Extracting by manifest.
202 silly tarball no local data for combined-stream@https://registry.npmjs.org/combined-stream/-/combined-stream-1.0.8.tgz. Extracting by manifest.
203 silly tarball no local data for asynckit@https://registry.npmjs.org/asynckit/-/asynckit-0.4.0.tgz. Extracting by manifest.
204 silly tarball no local data for @types/webidl-conversions@https://registry.npmjs.org/@types/webidl-conversions/-/webidl-conversions-7.0.3.tgz. Extracting by manifest.
205 silly tarball no local data for @types/http-errors@https://registry.npmjs.org/@types/http-errors/-/http-errors-2.0.5.tgz. Extracting by manifest.
206 silly tarball no local data for csstype@https://registry.npmjs.org/csstype/-/csstype-3.2.3.tgz. Extracting by manifest.
207 silly tarball no local data for form-data@https://registry.npmjs.org/form-data/-/form-data-4.0.5.tgz. Extracting by manifest.
208 silly tarball no local data for undici-types@https://registry.npmjs.org/undici-types/-/undici-types-7.18.2.tgz. Extracting by manifest.
209 silly tarball no local data for @types/send@https://registry.npmjs.org/@types/send/-/send-1.2.1.tgz. Extracting by manifest.
210 silly tarball no local data for @types/range-parser@https://registry.npmjs.org/@types/range-parser/-/range-parser-1.2.7.tgz. Extracting by manifest.
211 silly tarball no local data for @types/qs@https://registry.npmjs.org/@types/qs/-/qs-6.15.0.tgz. Extracting by manifest.
212 silly tarball no local data for @types/express-serve-static-core@https://registry.npmjs.org/@types/express-serve-static-core/-/express-serve-static-core-5.1.1.tgz. Extracting by manifest.
213 silly tarball no local data for @types/connect@https://registry.npmjs.org/@types/connect/-/connect-3.4.38.tgz. Extracting by manifest.
214 silly tarball no local data for @types/whatwg-url@https://registry.npmjs.org/@types/whatwg-url/-/whatwg-url-13.0.0.tgz. Extracting by manifest.
215 silly tarball no local data for @types/serve-static@https://registry.npmjs.org/@types/serve-static/-/serve-static-2.2.0.tgz. Extracting by manifest.
216 silly tarball no local data for @types/react@https://registry.npmjs.org/@types/react/-/react-19.2.14.tgz. Extracting by manifest.
217 silly tarball no local data for @types/node-fetch@https://registry.npmjs.org/@types/node-fetch/-/node-fetch-2.6.13.tgz. Extracting by manifest.
218 silly tarball no local data for @types/node@https://registry.npmjs.org/@types/node/-/node-25.5.2.tgz. Extracting by manifest.
219 silly tarball no local data for @types/merge-descriptors@https://registry.npmjs.org/@types/merge-descriptors/-/merge-descriptors-1.0.3.tgz. Extracting by manifest.
220 silly tarball no local data for @types/express@https://registry.npmjs.org/@types/express/-/express-5.0.6.tgz. Extracting by manifest.
221 silly tarball no local data for @types/body-parser@https://registry.npmjs.org/@types/body-parser/-/body-parser-1.19.6.tgz. Extracting by manifest.
222 http fetch POST 200 https://registry.npmjs.org/-/npm/v1/security/advisories/bulk 791ms
223 timing auditReport:getReport Completed in 814ms
224 silly audit report {}
225 timing auditReport:init Completed in 0ms
226 timing reify:audit Completed in 819ms
227 timing reifyNode:node_modules/mime-types Completed in 1492ms
228 http fetch GET 200 https://registry.npmjs.org/@types/webidl-conversions/-/webidl-conversions-7.0.3.tgz 1310ms (cache miss)
229 timing reifyNode:node_modules/@types/webidl-conversions Completed in 1503ms
230 http fetch GET 200 https://registry.npmjs.org/combined-stream/-/combined-stream-1.0.8.tgz 1357ms (cache miss)
231 timing reifyNode:node_modules/combined-stream Completed in 1541ms
232 http fetch GET 200 https://registry.npmjs.org/delayed-stream/-/delayed-stream-1.0.0.tgz 1403ms (cache miss)
233 timing reifyNode:node_modules/delayed-stream Completed in 1576ms
234 http fetch GET 200 https://registry.npmjs.org/@types/serve-static/-/serve-static-2.2.0.tgz 1331ms (cache miss)
235 timing reifyNode:node_modules/@types/serve-static Completed in 1624ms
236 http fetch GET 200 https://registry.npmjs.org/@types/connect/-/connect-3.4.38.tgz 1345ms (cache miss)
237 timing reifyNode:node_modules/@types/connect Completed in 1628ms
238 timing reifyNode:node_modules/hasown Completed in 1653ms
239 http fetch GET 200 https://registry.npmjs.org/@types/http-errors/-/http-errors-2.0.5.tgz 1457ms (cache miss)
240 timing reifyNode:node_modules/@types/http-errors Completed in 1657ms
241 http fetch GET 200 https://registry.npmjs.org/@types/express/-/express-5.0.6.tgz 1341ms (cache miss)
242 timing reifyNode:node_modules/@types/express Completed in 1663ms
243 http fetch GET 200 https://registry.npmjs.org/@types/whatwg-url/-/whatwg-url-13.0.0.tgz 1405ms (cache miss)
244 http fetch GET 200 https://registry.npmjs.org/@types/body-parser/-/body-parser-1.19.6.tgz 1369ms (cache miss)
245 timing reifyNode:node_modules/@types/body-parser Completed in 1694ms
246 timing reifyNode:node_modules/@types/whatwg-url Completed in 1739ms
247 http fetch GET 200 https://registry.npmjs.org/@types/node-fetch/-/node-fetch-2.6.13.tgz 1438ms (cache miss)
248 timing reifyNode:node_modules/@types/node-fetch Completed in 1741ms
249 http fetch GET 200 https://registry.npmjs.org/@types/merge-descriptors/-/merge-descriptors-1.0.3.tgz 1430ms (cache miss)
250 timing reifyNode:node_modules/@types/merge-descriptors Completed in 1743ms
251 http fetch GET 200 https://registry.npmjs.org/@types/send/-/send-1.2.1.tgz 1517ms (cache miss)
252 timing reifyNode:node_modules/@types/send Completed in 1749ms
253 timing reifyNode:node_modules/es-define-property Completed in 1767ms
254 timing reifyNode:node_modules/gopd Completed in 1792ms
255 http fetch GET 200 https://registry.npmjs.org/@types/qs/-/qs-6.15.0.tgz 1530ms (cache miss)
256 timing reifyNode:node_modules/@types/qs Completed in 1801ms
257 timing reifyNode:node_modules/dunder-proto Completed in 1813ms
258 timing reifyNode:node_modules/get-intrinsic Completed in 1816ms
259 http fetch GET 200 https://registry.npmjs.org/@types/range-parser/-/range-parser-1.2.7.tgz 1556ms (cache miss)
260 timing reifyNode:node_modules/@types/range-parser Completed in 1823ms
261 timing reifyNode:node_modules/function-bind Completed in 1834ms
262 timing reifyNode:node_modules/es-object-atoms Completed in 1842ms
263 timing reifyNode:node_modules/get-proto Completed in 1853ms
264 timing reifyNode:node_modules/mime-db Completed in 1858ms
265 http fetch GET 200 https://registry.npmjs.org/es-set-tostringtag/-/es-set-tostringtag-2.1.0.tgz 1689ms (cache miss)
266 timing reifyNode:node_modules/es-set-tostringtag Completed in 1867ms
267 timing reifyNode:node_modules/has-symbols Completed in 1905ms
268 http fetch GET 200 https://registry.npmjs.org/has-tostringtag/-/has-tostringtag-1.0.2.tgz 1748ms (cache miss)
269 timing reifyNode:node_modules/call-bind-apply-helpers Completed in 1919ms
270 http fetch GET 200 https://registry.npmjs.org/@types/express-serve-static-core/-/express-serve-static-core-5.1.1.tgz 1651ms (cache miss)
271 timing reifyNode:node_modules/@types/express-serve-static-core Completed in 1926ms
272 timing reifyNode:node_modules/es-errors Completed in 1934ms
273 timing reifyNode:node_modules/has-tostringtag Completed in 1940ms
274 http fetch GET 200 https://registry.npmjs.org/asynckit/-/asynckit-0.4.0.tgz 1806ms (cache miss)
275 timing reifyNode:node_modules/asynckit Completed in 1994ms
276 timing reifyNode:node_modules/math-intrinsics Completed in 2042ms
277 http fetch GET 200 https://registry.npmjs.org/form-data/-/form-data-4.0.5.tgz 1821ms (cache miss)
278 timing reifyNode:node_modules/form-data Completed in 2037ms
279 http fetch GET 200 https://registry.npmjs.org/@types/react/-/react-19.2.14.tgz 1748ms (cache miss)
280 timing reifyNode:node_modules/@types/react Completed in 2056ms
281 http fetch GET 200 https://registry.npmjs.org/undici-types/-/undici-types-7.18.2.tgz 1959ms (cache miss)
282 timing reifyNode:node_modules/undici-types Completed in 2183ms
283 http fetch GET 200 https://registry.npmjs.org/csstype/-/csstype-3.2.3.tgz 2016ms (cache miss)
284 timing reifyNode:node_modules/csstype Completed in 2223ms
285 http fetch GET 200 https://registry.npmjs.org/@types/node/-/node-25.5.2.tgz 2139ms (cache miss)
286 timing reifyNode:node_modules/@types/node Completed in 2448ms
287 timing reify:unpack Completed in 2461ms
288 timing reify:unretire Completed in 1ms
289 timing build:queue Completed in 10ms
290 timing build:deps Completed in 11ms
291 timing build Completed in 12ms
292 timing reify:build Completed in 14ms
293 timing reify:trash Completed in 0ms
294 timing reify:save Completed in 103ms
295 timing reify Completed in 6181ms
296 silly ADD node_modules/mime-db
297 silly ADD node_modules/dunder-proto
298 silly ADD node_modules/math-intrinsics
299 silly ADD node_modules/has-symbols
300 silly ADD node_modules/gopd
301 silly ADD node_modules/get-proto
302 silly ADD node_modules/function-bind
303 silly ADD node_modules/es-object-atoms
304 silly ADD node_modules/es-define-property
305 silly ADD node_modules/call-bind-apply-helpers
306 silly ADD node_modules/has-tostringtag
307 silly ADD node_modules/get-intrinsic
308 silly ADD node_modules/es-errors
309 silly ADD node_modules/delayed-stream
310 silly ADD node_modules/mime-types
311 silly ADD node_modules/hasown
312 silly ADD node_modules/es-set-tostringtag
313 silly ADD node_modules/combined-stream
314 silly ADD node_modules/asynckit
315 silly ADD node_modules/@types/webidl-conversions
316 silly ADD node_modules/@types/http-errors
317 silly ADD node_modules/csstype
318 silly ADD node_modules/form-data
319 silly ADD node_modules/undici-types
320 silly ADD node_modules/@types/send
321 silly ADD node_modules/@types/range-parser
322 silly ADD node_modules/@types/qs
323 silly ADD node_modules/@types/express-serve-static-core
324 silly ADD node_modules/@types/connect
325 silly ADD node_modules/@types/whatwg-url
326 silly ADD node_modules/@types/serve-static
327 silly ADD node_modules/@types/react
328 silly ADD node_modules/@types/node-fetch
329 silly ADD node_modules/@types/node
330 silly ADD node_modules/@types/merge-descriptors
331 silly ADD node_modules/@types/express
332 silly ADD node_modules/@types/body-parser
333 timing command:install Completed in 6230ms
334 verbose exit 0
335 timing npm Completed in 6487ms
336 info ok
